#
# A fatal error has been detected by the Java Runtime Environment:
#
#  SIGSEGV (0xb) at pc=0x0000000000000000, pid=18830, tid=0x00007fbc8252b700
#
# JRE version: OpenJDK Runtime Environment (8.0_151-b12) (build 1.8.0_151-8u151-b12-0ubuntu0.16.04.2-b12)
# Java VM: OpenJDK 64-Bit Server VM (25.151-b12 mixed mode linux-amd64 compressed oops)
# Problematic frame:
# C  0x0000000000000000
#
# Failed to write core dump. Core dumps have been disabled. To enable core dumping, try "ulimit -c unlimited" before starting Java again
#
# If you would like to submit a bug report, please visit:
#   http://bugreport.java.com/bugreport/crash.jsp
#

---------------  T H R E A D  ---------------

Current thread is native thread

siginfo: si_signo: 11 (SIGSEGV), si_code: 1 (SEGV_MAPERR), si_addr: 0x0000000000000000

Registers:
RAX=0x00007fbc897527c0, RBX=0x0000000000000400, RCX=0x00000000fffffff0, RDX=0x0000000000001000
RSP=0x00007fbc8252ad58, RBP=0x00007fbcd4327820, RSI=0x00007fbcd433c9b0, RDI=0x00007fbcd4327820
R8 =0x0000000000e74800, R9 =0x0000000000000001, R10=0x00007fbcd4327844, R11=0x0000000000000000
R12=0x00007fbcd432b9b0, R13=0x0000000000012000, R14=0x0000000000001000, R15=0x00007fbc8252af08
RIP=0x0000000000000000, EFLAGS=0x0000000000010246, CSGSFS=0x0000000000000033, ERR=0x0000000000000014
  TRAPNO=0x000000000000000e

Top of Stack: (sp=0x00007fbc8252ad58)
0x00007fbc8252ad58:   00007fbc8951b4d1 0000000038000000
0x00007fbc8252ad68:   0000000000000000 00000000bb800000
0x00007fbc8252ad78:   00007fbc890a0cd8 00007fbc00000000
0x00007fbc8252ad88:   00007fbc88e50922 0000000000000000
0x00007fbc8252ad98:   00007fbc70007e20 00007fbc640009a0
0x00007fbc8252ada8:   00007fbcddce42b9 0000000000000000
0x00007fbc8252adb8:   00007fbc88e48dab 00007fbc70000c40
0x00007fbc8252adc8:   0000000000000000 0000000000002000
0x00007fbc8252add8:   0000000000000000 00007fbcd4323430
0x00007fbc8252ade8:   00007fbc892ce9fa 5700000000000000
0x00007fbc8252adf8:   e4f41e2f2e110200 0000000000000000
0x00007fbc8252ae08:   00007fbc892ceb04 0000000000000000
0x00007fbc8252ae18:   00007fbc88e50922 0000000000002000
0x00007fbc8252ae28:   00007fbcd4323320 0000000000002000
0x00007fbc8252ae38:   00007fbc88e590e2 0000000000002000
0x00007fbc8252ae48:   00007fbcd432b9b0 00007fbcd432b9b0
0x00007fbc8252ae58:   0000000000002000 00007fbcd4323320
0x00007fbc8252ae68:   00007fbc7804f040 000004008252af00
0x00007fbc8252ae78:   00007fbc8252ae90 00007fbc8252aeb0
0x00007fbc8252ae88:   00007fbc892d2a09 00001fa00000037f
0x00007fbc8252ae98:   00007fbcd4323430 0000000000000000
0x00007fbc8252aea8:   0000000000002000 00007fbcd4320b60
0x00007fbc8252aeb8:   0000000000000000 00007fbcd4327820
0x00007fbc8252aec8:   0000000000000008 00007fbc8252af08
0x00007fbc8252aed8:   00007fbc89531544 0000000000000000
0x00007fbc8252aee8:   00007fbc8252af00 0000000000002000
0x00007fbc8252aef8:   0000000000006000 00007fbc7804f040
0x00007fbc8252af08:   0000000000002000 0000000000000000
0x00007fbc8252af18:   00007fbcd4325520 0000000000000000
0x00007fbc8252af28:   0000000000000000 00007fbcde3be36f
0x00007fbc8252af38:   00007fbc8252b9c0 0000000000000000
0x00007fbc8252af48:   00007fbc8952473a 0000000000000000 

Instructions: (pc=0x0000000000000000)
0xffffffffffffffe0:   

Register to memory mapping:

RAX=0x00007fbc897527c0: <offset 0x2577c0> in /tmp/libgdxjavier/31ce78a2/libopenal64.so at 0x00007fbc894fb000
RBX=0x0000000000000400 is an unknown value
RCX=0x00000000fffffff0 is an unallocated location in the heap
RDX=0x0000000000001000 is an unknown value
RSP=0x00007fbc8252ad58 is an unknown value
RBP=0x00007fbcd4327820 is an unknown value
RSI=0x00007fbcd433c9b0 is an unknown value
RDI=0x00007fbcd4327820 is an unknown value
R8 =0x0000000000e74800 is an unknown value
R9 =0x0000000000000001 is an unknown value
R10=0x00007fbcd4327844 is an unknown value
R11=0x0000000000000000 is an unknown value
R12=0x00007fbcd432b9b0 is an unknown value
R13=0x0000000000012000 is an unknown value
R14=0x0000000000001000 is an unknown value
R15=0x00007fbc8252af08 is an unknown value


Stack: [0x00007fbc8242b000,0x00007fbc8252c000],  sp=0x00007fbc8252ad58,  free space=1023k

---------------  P R O C E S S  ---------------

VM state:not at safepoint (normal execution)

VM Mutex/Monitor currently owned by a thread: None

Heap:
 PSYoungGen      total 27648K, used 19575K [0x00000000d7200000, 0x00000000d9200000, 0x0000000100000000)
  eden space 23552K, 80% used [0x00000000d7200000,0x00000000d8476b10,0x00000000d8900000)
  from space 4096K, 16% used [0x00000000d8900000,0x00000000d89a7190,0x00000000d8d00000)
  to   space 4608K, 0% used [0x00000000d8d80000,0x00000000d8d80000,0x00000000d9200000)
 ParOldGen       total 84992K, used 13173K [0x0000000085600000, 0x000000008a900000, 0x00000000d7200000)
  object space 84992K, 15% used [0x0000000085600000,0x00000000862dd640,0x000000008a900000)
 Metaspace       used 10643K, capacity 10825K, committed 11136K, reserved 1058816K
  class space    used 970K, capacity 1035K, committed 1152K, reserved 1048576K

Card table byte_map: [0x00007fbcda5ac000,0x00007fbcda982000] byte_map_base: 0x00007fbcda181000

Marking Bits: (ParMarkBitMap*) 0x00007fbcdd5952c0
 Begin Bits: [0x00007fbcc12b0000, 0x00007fbcc3158000)
 End Bits:   [0x00007fbcc3158000, 0x00007fbcc5000000)

Polling page: 0x00007fbcde3e8000

CodeCache: size=245760Kb used=6193Kb max_used=7218Kb free=239567Kb
 bounds [0x00007fbcc5000000, 0x00007fbcc5720000, 0x00007fbcd4000000]
 total_blobs=2142 nmethods=1571 adapters=486
 compilation: enabled

Compilation events (10 events):
Event: 98,354 Thread 0x00007fbcd40af800 1872       4       com.badlogic.gdx.math.MathUtils::nextPowerOfTwo (45 bytes)
Event: 98,355 Thread 0x00007fbcd40af800 nmethod 1872 0x00007fbcc5412ed0 code [0x00007fbcc5413020, 0x00007fbcc54130b8]
Event: 98,479 Thread 0x00007fbcd40b2800 1873       4       java.nio.Bits::copyFromArray (70 bytes)
Event: 98,480 Thread 0x00007fbcd40b2800 nmethod 1873 0x00007fbcc5399150 code [0x00007fbcc53992a0, 0x00007fbcc5399338]
Event: 98,631 Thread 0x00007fbcd40af800 1874       4       java.nio.DirectByteBuffer::put (126 bytes)
Event: 98,634 Thread 0x00007fbcd40af800 nmethod 1874 0x00007fbcc543b450 code [0x00007fbcc543b5c0, 0x00007fbcc543b838]
Event: 99,361 Thread 0x00007fbcd40b2800 1875       4       java.lang.Integer::numberOfTrailingZeros (79 bytes)
Event: 99,361 Thread 0x00007fbcd40b2800 nmethod 1875 0x00007fbcc530bc50 code [0x00007fbcc530bda0, 0x00007fbcc530be98]
Event: 99,461 Thread 0x00007fbcd40af800 1876       4       com.badlogic.gdx.utils.ObjectMap::<init> (245 bytes)
Event: 99,467 Thread 0x00007fbcd40af800 nmethod 1876 0x00007fbcc54c6c50 code [0x00007fbcc54c6e20, 0x00007fbcc54c7498]

GC Heap History (10 events):
Event: 65,132 GC heap before
{Heap before GC invocations=69 (full 0):
 PSYoungGen      total 27648K, used 27194K [0x00000000d7200000, 0x00000000d9100000, 0x0000000100000000)
  eden space 23552K, 100% used [0x00000000d7200000,0x00000000d8900000,0x00000000d8900000)
  from space 4096K, 88% used [0x00000000d8d00000,0x00000000d908eb70,0x00000000d9100000)
  to   space 4096K, 0% used [0x00000000d8900000,0x00000000d8900000,0x00000000d8d00000)
 ParOldGen       total 84992K, used 12941K [0x0000000085600000, 0x000000008a900000, 0x00000000d7200000)
  object space 84992K, 15% used [0x0000000085600000,0x00000000862a3790,0x000000008a900000)
 Metaspace       used 10166K, capacity 10313K, committed 10496K, reserved 1058816K
  class space    used 923K, capacity 971K, committed 1024K, reserved 1048576K
Event: 65,135 GC heap after
Heap after GC invocations=69 (full 0):
 PSYoungGen      total 27648K, used 3664K [0x00000000d7200000, 0x00000000d9100000, 0x0000000100000000)
  eden space 23552K, 0% used [0x00000000d7200000,0x00000000d7200000,0x00000000d8900000)
  from space 4096K, 89% used [0x00000000d8900000,0x00000000d8c94078,0x00000000d8d00000)
  to   space 4096K, 0% used [0x00000000d8d00000,0x00000000d8d00000,0x00000000d9100000)
 ParOldGen       total 84992K, used 12987K [0x0000000085600000, 0x000000008a900000, 0x00000000d7200000)
  object space 84992K, 15% used [0x0000000085600000,0x00000000862aecd8,0x000000008a900000)
 Metaspace       used 10166K, capacity 10313K, committed 10496K, reserved 1058816K
  class space    used 923K, capacity 971K, committed 1024K, reserved 1048576K
}
Event: 66,015 GC heap before
{Heap before GC invocations=70 (full 0):
 PSYoungGen      total 27648K, used 27216K [0x00000000d7200000, 0x00000000d9100000, 0x0000000100000000)
  eden space 23552K, 100% used [0x00000000d7200000,0x00000000d8900000,0x00000000d8900000)
  from space 4096K, 89% used [0x00000000d8900000,0x00000000d8c94078,0x00000000d8d00000)
  to   space 4096K, 0% used [0x00000000d8d00000,0x00000000d8d00000,0x00000000d9100000)
 ParOldGen       total 84992K, used 12987K [0x0000000085600000, 0x000000008a900000, 0x00000000d7200000)
  object space 84992K, 15% used [0x0000000085600000,0x00000000862aecd8,0x000000008a900000)
 Metaspace       used 10166K, capacity 10313K, committed 10496K, reserved 1058816K
  class space    used 923K, capacity 971K, committed 1024K, reserved 1048576K
Event: 66,018 GC heap after
Heap after GC invocations=70 (full 0):
 PSYoungGen      total 27648K, used 3653K [0x00000000d7200000, 0x00000000d9100000, 0x0000000100000000)
  eden space 23552K, 0% used [0x00000000d7200000,0x00000000d7200000,0x00000000d8900000)
  from space 4096K, 89% used [0x00000000d8d00000,0x00000000d9091628,0x00000000d9100000)
  to   space 4096K, 0% used [0x00000000d8900000,0x00000000d8900000,0x00000000d8d00000)
 ParOldGen       total 84992K, used 13053K [0x0000000085600000, 0x000000008a900000, 0x00000000d7200000)
  object space 84992K, 15% used [0x0000000085600000,0x00000000862bf728,0x000000008a900000)
 Metaspace       used 10166K, capacity 10313K, committed 10496K, reserved 1058816K
  class space    used 923K, capacity 971K, committed 1024K, reserved 1048576K
}
Event: 66,914 GC heap before
{Heap before GC invocations=71 (full 0):
 PSYoungGen      total 27648K, used 27205K [0x00000000d7200000, 0x00000000d9100000, 0x0000000100000000)
  eden space 23552K, 100% used [0x00000000d7200000,0x00000000d8900000,0x00000000d8900000)
  from space 4096K, 89% used [0x00000000d8d00000,0x00000000d9091628,0x00000000d9100000)
  to   space 4096K, 0% used [0x00000000d8900000,0x00000000d8900000,0x00000000d8d00000)
 ParOldGen       total 84992K, used 13053K [0x0000000085600000, 0x000000008a900000, 0x00000000d7200000)
  object space 84992K, 15% used [0x0000000085600000,0x00000000862bf728,0x000000008a900000)
 Metaspace       used 10166K, capacity 10313K, committed 10496K, reserved 1058816K
  class space    used 923K, capacity 971K, committed 1024K, reserved 1048576K
Event: 66,917 GC heap after
Heap after GC invocations=71 (full 0):
 PSYoungGen      total 27648K, used 3707K [0x00000000d7200000, 0x00000000d9100000, 0x0000000100000000)
  eden space 23552K, 0% used [0x00000000d7200000,0x00000000d7200000,0x00000000d8900000)
  from space 4096K, 90% used [0x00000000d8900000,0x00000000d8c9ec30,0x00000000d8d00000)
  to   space 4096K, 0% used [0x00000000d8d00000,0x00000000d8d00000,0x00000000d9100000)
 ParOldGen       total 84992K, used 13099K [0x0000000085600000, 0x000000008a900000, 0x00000000d7200000)
  object space 84992K, 15% used [0x0000000085600000,0x00000000862cac30,0x000000008a900000)
 Metaspace       used 10166K, capacity 10313K, committed 10496K, reserved 1058816K
  class space    used 923K, capacity 971K, committed 1024K, reserved 1048576K
}
Event: 67,797 GC heap before
{Heap before GC invocations=72 (full 0):
 PSYoungGen      total 27648K, used 27259K [0x00000000d7200000, 0x00000000d9100000, 0x0000000100000000)
  eden space 23552K, 100% used [0x00000000d7200000,0x00000000d8900000,0x00000000d8900000)
  from space 4096K, 90% used [0x00000000d8900000,0x00000000d8c9ec30,0x00000000d8d00000)
  to   space 4096K, 0% used [0x00000000d8d00000,0x00000000d8d00000,0x00000000d9100000)
 ParOldGen       total 84992K, used 13099K [0x0000000085600000, 0x000000008a900000, 0x00000000d7200000)
  object space 84992K, 15% used [0x0000000085600000,0x00000000862cac30,0x000000008a900000)
 Metaspace       used 10166K, capacity 10313K, committed 10496K, reserved 1058816K
  class space    used 923K, capacity 971K, committed 1024K, reserved 1048576K
Event: 67,800 GC heap after
Heap after GC invocations=72 (full 0):
 PSYoungGen      total 27648K, used 3653K [0x00000000d7200000, 0x00000000d9100000, 0x0000000100000000)
  eden space 23552K, 0% used [0x00000000d7200000,0x00000000d7200000,0x00000000d8900000)
  from space 4096K, 89% used [0x00000000d8d00000,0x00000000d90916e8,0x00000000d9100000)
  to   space 4096K, 0% used [0x00000000d8900000,0x00000000d8900000,0x00000000d8d00000)
 ParOldGen       total 84992K, used 13144K [0x0000000085600000, 0x000000008a900000, 0x00000000d7200000)
  object space 84992K, 15% used [0x0000000085600000,0x00000000862d6138,0x000000008a900000)
 Metaspace       used 10166K, capacity 10313K, committed 10496K, reserved 1058816K
  class space    used 923K, capacity 971K, committed 1024K, reserved 1048576K
}
Event: 86,447 GC heap before
{Heap before GC invocations=73 (full 0):
 PSYoungGen      total 27648K, used 27205K [0x00000000d7200000, 0x00000000d9100000, 0x0000000100000000)
  eden space 23552K, 100% used [0x00000000d7200000,0x00000000d8900000,0x00000000d8900000)
  from space 4096K, 89% used [0x00000000d8d00000,0x00000000d90916e8,0x00000000d9100000)
  to   space 4096K, 0% used [0x00000000d8900000,0x00000000d8900000,0x00000000d8d00000)
 ParOldGen       total 84992K, used 13144K [0x0000000085600000, 0x000000008a900000, 0x00000000d7200000)
  object space 84992K, 15% used [0x0000000085600000,0x00000000862d6138,0x000000008a900000)
 Metaspace       used 10637K, capacity 10825K, committed 11136K, reserved 1058816K
  class space    used 969K, capacity 1035K, committed 1152K, reserved 1048576K
Event: 86,450 GC heap after
Heap after GC invocations=73 (full 0):
 PSYoungGen      total 27648K, used 668K [0x00000000d7200000, 0x00000000d9200000, 0x0000000100000000)
  eden space 23552K, 0% used [0x00000000d7200000,0x00000000d7200000,0x00000000d8900000)
  from space 4096K, 16% used [0x00000000d8900000,0x00000000d89a7190,0x00000000d8d00000)
  to   space 4608K, 0% used [0x00000000d8d80000,0x00000000d8d80000,0x00000000d9200000)
 ParOldGen       total 84992K, used 13173K [0x0000000085600000, 0x000000008a900000, 0x00000000d7200000)
  object space 84992K, 15% used [0x0000000085600000,0x00000000862dd640,0x000000008a900000)
 Metaspace       used 10637K, capacity 10825K, committed 11136K, reserved 1058816K
  class space    used 969K, capacity 1035K, committed 1152K, reserved 1048576K
}

Deoptimization events (10 events):
Event: 67,910 Thread 0x00007fbcd43b3800 Uncommon trap: reason=unstable_if action=reinterpret pc=0x00007fbcc512c658 method=com.badlogic.gdx.graphics.Pixmap$Format.fromGdx2DPixmapFormat(I)Lcom/badlogic/gdx/graphics/Pixmap$Format; @ 39
Event: 67,916 Thread 0x00007fbcd43b3800 Uncommon trap: reason=unstable_if action=reinterpret pc=0x00007fbcc56ebe60 method=com.badlogic.gdx.graphics.g2d.SpriteBatch.flush()V @ 41
Event: 67,919 Thread 0x00007fbcd43b3800 Uncommon trap: reason=class_check action=maybe_recompile pc=0x00007fbcc569c66c method=java.lang.ThreadLocal.get()Ljava/lang/Object; @ 6
Event: 67,919 Thread 0x00007fbcd43b3800 Uncommon trap: reason=class_check action=maybe_recompile pc=0x00007fbcc569c66c method=java.lang.ThreadLocal.get()Ljava/lang/Object; @ 6
Event: 67,920 Thread 0x00007fbcd43b3800 Uncommon trap: reason=class_check action=maybe_recompile pc=0x00007fbcc569c66c method=java.lang.ThreadLocal.get()Ljava/lang/Object; @ 6
Event: 67,920 Thread 0x00007fbcd43b3800 Uncommon trap: reason=class_check action=maybe_recompile pc=0x00007fbcc569c66c method=java.lang.ThreadLocal.get()Ljava/lang/Object; @ 6
Event: 69,743 Thread 0x00007fbcd43b3800 Uncommon trap: reason=unstable_if action=reinterpret pc=0x00007fbcc5308a54 method=java.io.BufferedReader.readLine(Z)Ljava/lang/String; @ 153
Event: 69,746 Thread 0x00007fbcd43b3800 Uncommon trap: reason=unstable_if action=reinterpret pc=0x00007fbcc56d27b4 method=org.lwjgl.opengl.LinuxKeyboard.flushDeferredEvent()V @ 4
Event: 69,751 Thread 0x00007fbcd43b3800 Uncommon trap: reason=unstable_if action=reinterpret pc=0x00007fbcc5302988 method=java.io.BufferedReader.readLine(Z)Ljava/lang/String; @ 153
Event: 86,450 Thread 0x00007fbcd4080800 Uncommon trap: reason=unstable_if action=reinterpret pc=0x00007fbcc55d8a34 method=sun.misc.Cleaner.remove(Lsun/misc/Cleaner;)Z @ 14

Internal exceptions (10 events):
Event: 0,190 Thread 0x00007fbcd400b000 Exception <a 'java/security/PrivilegedActionException'> (0x00000000d7768a08) thrown at [/build/openjdk-8-W2Qe27/openjdk-8-8u151-b12/src/hotspot/src/share/vm/prims/jvm.cpp, line 1390]
Event: 0,190 Thread 0x00007fbcd400b000 Exception <a 'java/security/PrivilegedActionException'> (0x00000000d776b1f8) thrown at [/build/openjdk-8-W2Qe27/openjdk-8-8u151-b12/src/hotspot/src/share/vm/prims/jvm.cpp, line 1390]
Event: 0,190 Thread 0x00007fbcd400b000 Exception <a 'java/security/PrivilegedActionException'> (0x00000000d776be50) thrown at [/build/openjdk-8-W2Qe27/openjdk-8-8u151-b12/src/hotspot/src/share/vm/prims/jvm.cpp, line 1390]
Event: 0,190 Thread 0x00007fbcd400b000 Exception <a 'java/security/PrivilegedActionException'> (0x00000000d776ca78) thrown at [/build/openjdk-8-W2Qe27/openjdk-8-8u151-b12/src/hotspot/src/share/vm/prims/jvm.cpp, line 1390]
Event: 0,190 Thread 0x00007fbcd400b000 Exception <a 'java/security/PrivilegedActionException'> (0x00000000d776f018) thrown at [/build/openjdk-8-W2Qe27/openjdk-8-8u151-b12/src/hotspot/src/share/vm/prims/jvm.cpp, line 1390]
Event: 0,190 Thread 0x00007fbcd400b000 Exception <a 'java/security/PrivilegedActionException'> (0x00000000d776fc70) thrown at [/build/openjdk-8-W2Qe27/openjdk-8-8u151-b12/src/hotspot/src/share/vm/prims/jvm.cpp, line 1390]
Event: 0,190 Thread 0x00007fbcd400b000 Exception <a 'java/security/PrivilegedActionException'> (0x00000000d7770898) thrown at [/build/openjdk-8-W2Qe27/openjdk-8-8u151-b12/src/hotspot/src/share/vm/prims/jvm.cpp, line 1390]
Event: 0,249 Thread 0x00007fbcd43b3800 Exception <a 'java/lang/NoClassDefFoundError': org/lwjgl/opengles/GLContext> (0x00000000d7b0e318) thrown at [/build/openjdk-8-W2Qe27/openjdk-8-8u151-b12/src/hotspot/src/share/vm/classfile/systemDictionary.cpp, line 199]
Event: 30,864 Thread 0x00007fbcd43b3800 Implicit null exception at 0x00007fbcc56d982f to 0x00007fbcc56d9c7d
Event: 204,603 Thread 0x00007fbcd43b3800 Exception <a 'sun/net/ConnectionResetException': Connection reset> (0x00000000d8438330) thrown at [/build/openjdk-8-W2Qe27/openjdk-8-8u151-b12/src/hotspot/src/share/vm/prims/jni.cpp, line 735]

Events (10 events):
Event: 86,450 Executing VM operation: ParallelGCFailedAllocation done
Event: 86,450 Thread 0x00007fbcd4080800 Uncommon trap: trap_request=0xffffff65 fr.pc=0x00007fbcc55d8a34
Event: 86,450 Thread 0x00007fbcd4080800 DEOPT PACKING pc=0x00007fbcc55d8a34 sp=0x00007fbcc12ae9c0
Event: 86,450 Thread 0x00007fbcd4080800 DEOPT UNPACKING pc=0x00007fbcc5004f69 sp=0x00007fbcc12ae8a8 mode 2
Event: 86,451 Executing VM operation: RevokeBias
Event: 86,451 Executing VM operation: RevokeBias done
Event: 86,451 Executing VM operation: RevokeBias
Event: 86,451 Executing VM operation: RevokeBias done
Event: 204,603 loading class sun/net/ConnectionResetException
Event: 204,603 loading class sun/net/ConnectionResetException done


Dynamic libraries:
00400000-00401000 r-xp 00000000 08:02 34740749                           /usr/lib/jvm/java-8-openjdk-amd64/jre/bin/java
00600000-00601000 r--p 00000000 08:02 34740749                           /usr/lib/jvm/java-8-openjdk-amd64/jre/bin/java
00601000-00602000 rw-p 00001000 08:02 34740749                           /usr/lib/jvm/java-8-openjdk-amd64/jre/bin/java
00704000-00725000 rw-p 00000000 00:00 0                                  [heap]
85600000-8a900000 rw-p 00000000 00:00 0 
8a900000-d7200000 ---p 00000000 00:00 0 
d7200000-d9200000 rw-p 00000000 00:00 0 
d9200000-100000000 ---p 00000000 00:00 0 
100000000-100120000 rw-p 00000000 00:00 0 
100120000-140000000 ---p 00000000 00:00 0 
7fbc3c000000-7fbc3fffc000 rw-p 00000000 00:00 0 
7fbc3fffc000-7fbc40000000 ---p 00000000 00:00 0 
7fbc40000000-7fbc40a51000 rw-p 00000000 00:00 0 
7fbc40a51000-7fbc44000000 ---p 00000000 00:00 0 
7fbc44000000-7fbc47fff000 rw-p 00000000 00:00 0 
7fbc47fff000-7fbc48000000 ---p 00000000 00:00 0 
7fbc48000000-7fbc4bff5000 rw-p 00000000 00:00 0 
7fbc4bff5000-7fbc4c000000 ---p 00000000 00:00 0 
7fbc4c000000-7fbc4ffff000 rw-p 00000000 00:00 0 
7fbc4ffff000-7fbc50000000 ---p 00000000 00:00 0 
7fbc50000000-7fbc53ff7000 rw-p 00000000 00:00 0 
7fbc53ff7000-7fbc54000000 ---p 00000000 00:00 0 
7fbc54000000-7fbc57feb000 rw-p 00000000 00:00 0 
7fbc57feb000-7fbc58000000 ---p 00000000 00:00 0 
7fbc58000000-7fbc5bfe3000 rw-p 00000000 00:00 0 
7fbc5bfe3000-7fbc5c000000 ---p 00000000 00:00 0 
7fbc5c000000-7fbc5fffc000 rw-p 00000000 00:00 0 
7fbc5fffc000-7fbc60000000 ---p 00000000 00:00 0 
7fbc60000000-7fbc60021000 rw-p 00000000 00:00 0 
7fbc60021000-7fbc64000000 ---p 00000000 00:00 0 
7fbc64000000-7fbc64021000 rw-p 00000000 00:00 0 
7fbc64021000-7fbc68000000 ---p 00000000 00:00 0 
7fbc68ffe000-7fbc6bfff000 rw-p 00000000 00:00 0 
7fbc6bfff000-7fbc70000000 rw-s 00000000 00:15 10                         /dev/shm/pulse-shm-2235044167
7fbc70000000-7fbc70021000 rw-p 00000000 00:00 0 
7fbc70021000-7fbc74000000 ---p 00000000 00:00 0 
7fbc7622c000-7fbc77610000 r-xp 00000000 08:02 35654839                   /usr/lib/nvidia-375/libnvidia-glcore.so.375.66
7fbc77610000-7fbc77630000 rwxp 013e4000 08:02 35654839                   /usr/lib/nvidia-375/libnvidia-glcore.so.375.66
7fbc77630000-7fbc77a00000 r-xp 01404000 08:02 35654839                   /usr/lib/nvidia-375/libnvidia-glcore.so.375.66
7fbc77a00000-7fbc77c00000 ---p 017d4000 08:02 35654839                   /usr/lib/nvidia-375/libnvidia-glcore.so.375.66
7fbc77c00000-7fbc77fe7000 rw-p 017d4000 08:02 35654839                   /usr/lib/nvidia-375/libnvidia-glcore.so.375.66
7fbc77fe7000-7fbc77fff000 rw-p 00000000 00:00 0 
7fbc77fff000-7fbc7c000000 rw-s 00000000 00:15 17                         /dev/shm/pulse-shm-2469633704
7fbc7c000000-7fbc7c021000 rw-p 00000000 00:00 0 
7fbc7c021000-7fbc80000000 ---p 00000000 00:00 0 
7fbc801e5000-7fbc801fc000 r-xp 00000000 08:02 34736185                   /usr/lib/jvm/java-8-openjdk-amd64/jre/lib/amd64/libnet.so
7fbc801fc000-7fbc803fb000 ---p 00017000 08:02 34736185                   /usr/lib/jvm/java-8-openjdk-amd64/jre/lib/amd64/libnet.so
7fbc803fb000-7fbc803fc000 r--p 00016000 08:02 34736185                   /usr/lib/jvm/java-8-openjdk-amd64/jre/lib/amd64/libnet.so
7fbc803fc000-7fbc803fd000 rw-p 00017000 08:02 34736185                   /usr/lib/jvm/java-8-openjdk-amd64/jre/lib/amd64/libnet.so
7fbc803fd000-7fbc807fd000 rw-s 23f7e5000 00:06 440                       /dev/nvidiactl
7fbc807fd000-7fbc809fd000 rw-s 270d86000 00:06 440                       /dev/nvidiactl
7fbc809fd000-7fbc80dfd000 rw-s 2727ef000 00:06 440                       /dev/nvidiactl
7fbc80dfd000-7fbc80ffd000 rw-s 35369000 00:06 440                        /dev/nvidiactl
7fbc80ffd000-7fbc811bd000 rw-p 00000000 00:00 0 
7fbc811bd000-7fbc811fd000 ---p 00000000 00:00 0 
7fbc811fd000-7fbc8127d000 rw-s 7474b000 00:06 440                        /dev/nvidiactl
7fbc8127d000-7fbc812fd000 rw-s 4a053000 00:06 440                        /dev/nvidiactl
7fbc812fd000-7fbc8137d000 rw-s 53a7f000 00:06 440                        /dev/nvidiactl
7fbc8147d000-7fbc8149d000 rw-s c0080000 00:06 441                        /dev/nvidia0
7fbc8149d000-7fbc814dd000 rw-s 2771b6000 00:06 440                       /dev/nvidiactl
7fbc814dd000-7fbc8151d000 rw-s 1bdf5e000 00:06 440                       /dev/nvidiactl
7fbc8151d000-7fbc81621000 rw-s 26f76d000 00:06 440                       /dev/nvidiactl
7fbc81621000-7fbc81624000 r-xp 00000000 08:02 35782983                   /usr/lib/nvidia-375/tls/libnvidia-tls.so.375.66
7fbc81624000-7fbc81824000 ---p 00003000 08:02 35782983                   /usr/lib/nvidia-375/tls/libnvidia-tls.so.375.66
7fbc81824000-7fbc81825000 rw-p 00003000 08:02 35782983                   /usr/lib/nvidia-375/tls/libnvidia-tls.so.375.66
7fbc81825000-7fbc818ee000 r-xp 00000000 08:02 35654838                   /usr/lib/nvidia-375/libGLX_nvidia.so.375.66
7fbc818ee000-7fbc81922000 rwxp 000c9000 08:02 35654838                   /usr/lib/nvidia-375/libGLX_nvidia.so.375.66
7fbc81922000-7fbc81936000 r-xp 000fd000 08:02 35654838                   /usr/lib/nvidia-375/libGLX_nvidia.so.375.66
7fbc81936000-7fbc81b35000 ---p 00111000 08:02 35654838                   /usr/lib/nvidia-375/libGLX_nvidia.so.375.66
7fbc81b35000-7fbc81b5d000 rw-p 00110000 08:02 35654838                   /usr/lib/nvidia-375/libGLX_nvidia.so.375.66
7fbc81b5d000-7fbc81b64000 rw-p 00000000 00:00 0 
7fbc81b68000-7fbc81b88000 rw-s 22806c000 00:06 440                       /dev/nvidiactl
7fbc81b88000-7fbc81bca000 r-xp 00000000 08:02 35654835                   /usr/lib/nvidia-375/libGLdispatch.so.0
7fbc81bca000-7fbc81bfc000 r-xp 00042000 08:02 35654835                   /usr/lib/nvidia-375/libGLdispatch.so.0
7fbc81bfc000-7fbc81c0e000 r-xp 00074000 08:02 35654835                   /usr/lib/nvidia-375/libGLdispatch.so.0
7fbc81c0e000-7fbc81e0e000 ---p 00086000 08:02 35654835                   /usr/lib/nvidia-375/libGLdispatch.so.0
7fbc81e0e000-7fbc81e36000 rw-p 00086000 08:02 35654835                   /usr/lib/nvidia-375/libGLdispatch.so.0
7fbc81e36000-7fbc81e56000 rw-p 00000000 00:00 0 
7fbc81e56000-7fbc81e65000 r-xp 00000000 08:02 35654837                   /usr/lib/nvidia-375/libGLX.so.0
7fbc81e65000-7fbc82065000 ---p 0000f000 08:02 35654837                   /usr/lib/nvidia-375/libGLX.so.0
7fbc82065000-7fbc82066000 rw-p 0000f000 08:02 35654837                   /usr/lib/nvidia-375/libGLX.so.0
7fbc82066000-7fbc82086000 rw-p 00000000 00:00 0 
7fbc82086000-7fbc820ca000 r-xp 00000000 08:02 35654849                   /usr/lib/nvidia-375/libGL.so.1.0.0
7fbc820ca000-7fbc820fc000 r-xp 00044000 08:02 35654849                   /usr/lib/nvidia-375/libGL.so.1.0.0
7fbc820fc000-7fbc8210f000 r-xp 00076000 08:02 35654849                   /usr/lib/nvidia-375/libGL.so.1.0.0
7fbc8210f000-7fbc8230f000 ---p 00089000 08:02 35654849                   /usr/lib/nvidia-375/libGL.so.1.0.0
7fbc8230f000-7fbc82329000 rw-p 00089000 08:02 35654849                   /usr/lib/nvidia-375/libGL.so.1.0.0
7fbc82329000-7fbc8232a000 rw-p 00000000 00:00 0 
7fbc8232a000-7fbc8232d000 ---p 00000000 00:00 0 
7fbc8232d000-7fbc8242b000 rw-p 00000000 00:00 0 
7fbc8242b000-7fbc8242c000 ---p 00000000 00:00 0 
7fbc8242c000-7fbc8252c000 rw-p 00000000 00:00 0 
7fbc8252c000-7fbc8252d000 ---p 00000000 00:00 0 
7fbc8252d000-7fbc82d2d000 rw-p 00000000 00:00 0 
7fbc82d2d000-7fbc82d57000 r-xp 00000000 08:02 34612100                   /usr/lib/x86_64-linux-gnu/libvorbis.so.0.4.8
7fbc82d57000-7fbc82f57000 ---p 0002a000 08:02 34612100                   /usr/lib/x86_64-linux-gnu/libvorbis.so.0.4.8
7fbc82f57000-7fbc82f58000 r--p 0002a000 08:02 34612100                   /usr/lib/x86_64-linux-gnu/libvorbis.so.0.4.8
7fbc82f58000-7fbc82f59000 rw-p 0002b000 08:02 34612100                   /usr/lib/x86_64-linux-gnu/libvorbis.so.0.4.8
7fbc82f59000-7fbc82f60000 r-xp 00000000 08:02 34611752                   /usr/lib/x86_64-linux-gnu/libogg.so.0.8.2
7fbc82f60000-7fbc83160000 ---p 00007000 08:02 34611752                   /usr/lib/x86_64-linux-gnu/libogg.so.0.8.2
7fbc83160000-7fbc83161000 r--p 00007000 08:02 34611752                   /usr/lib/x86_64-linux-gnu/libogg.so.0.8.2
7fbc83161000-7fbc83162000 rw-p 00008000 08:02 34611752                   /usr/lib/x86_64-linux-gnu/libogg.so.0.8.2
7fbc83162000-7fbc83174000 r-xp 00000000 08:02 55578968                   /lib/x86_64-linux-gnu/libgpg-error.so.0.17.0
7fbc83174000-7fbc83374000 ---p 00012000 08:02 55578968                   /lib/x86_64-linux-gnu/libgpg-error.so.0.17.0
7fbc83374000-7fbc83375000 r--p 00012000 08:02 55578968                   /lib/x86_64-linux-gnu/libgpg-error.so.0.17.0
7fbc83375000-7fbc83376000 rw-p 00013000 08:02 55578968                   /lib/x86_64-linux-gnu/libgpg-error.so.0.17.0
7fbc83376000-7fbc833e4000 r-xp 00000000 08:02 55579053                   /lib/x86_64-linux-gnu/libpcre.so.3.13.2
7fbc833e4000-7fbc835e4000 ---p 0006e000 08:02 55579053                   /lib/x86_64-linux-gnu/libpcre.so.3.13.2
7fbc835e4000-7fbc835e5000 r--p 0006e000 08:02 55579053                   /lib/x86_64-linux-gnu/libpcre.so.3.13.2
7fbc835e5000-7fbc835e6000 rw-p 0006f000 08:02 55579053                   /lib/x86_64-linux-gnu/libpcre.so.3.13.2
7fbc835e6000-7fbc835fd000 r-xp 00000000 08:02 55574714                   /lib/x86_64-linux-gnu/libresolv-2.23.so
7fbc835fd000-7fbc837fd000 ---p 00017000 08:02 55574714                   /lib/x86_64-linux-gnu/libresolv-2.23.so
7fbc837fd000-7fbc837fe000 r--p 00017000 08:02 55574714                   /lib/x86_64-linux-gnu/libresolv-2.23.so
7fbc837fe000-7fbc837ff000 rw-p 00018000 08:02 55574714                   /lib/x86_64-linux-gnu/libresolv-2.23.so
7fbc837ff000-7fbc83801000 rw-p 00000000 00:00 0 
7fbc83801000-7fbc8388e000 r-xp 00000000 08:02 34612102                   /usr/lib/x86_64-linux-gnu/libvorbisenc.so.2.0.11
7fbc8388e000-7fbc83a8d000 ---p 0008d000 08:02 34612102                   /usr/lib/x86_64-linux-gnu/libvorbisenc.so.2.0.11
7fbc83a8d000-7fbc83aa9000 r--p 0008c000 08:02 34612102                   /usr/lib/x86_64-linux-gnu/libvorbisenc.so.2.0.11
7fbc83aa9000-7fbc83aaa000 rw-p 000a8000 08:02 34612102                   /usr/lib/x86_64-linux-gnu/libvorbisenc.so.2.0.11
7fbc83aaa000-7fbc83b1d000 r-xp 00000000 08:02 34610697                   /usr/lib/x86_64-linux-gnu/libFLAC.so.8.3.0
7fbc83b1d000-7fbc83d1d000 ---p 00073000 08:02 34610697                   /usr/lib/x86_64-linux-gnu/libFLAC.so.8.3.0
7fbc83d1d000-7fbc83d1e000 r--p 00073000 08:02 34610697                   /usr/lib/x86_64-linux-gnu/libFLAC.so.8.3.0
7fbc83d1e000-7fbc83d1f000 rw-p 00074000 08:02 34610697                   /usr/lib/x86_64-linux-gnu/libFLAC.so.8.3.0
7fbc83d1f000-7fbc83df7000 r-xp 00000000 08:02 55574705                   /lib/x86_64-linux-gnu/libgcrypt.so.20.0.5
7fbc83df7000-7fbc83ff6000 ---p 000d8000 08:02 55574705                   /lib/x86_64-linux-gnu/libgcrypt.so.20.0.5
7fbc83ff6000-7fbc83ff7000 r--p 000d7000 08:02 55574705                   /lib/x86_64-linux-gnu/libgcrypt.so.20.0.5
7fbc83ff7000-7fbc83fff000 rw-p 000d8000 08:02 55574705                   /lib/x86_64-linux-gnu/libgcrypt.so.20.0.5
7fbc83fff000-7fbc84000000 rw-p 00000000 00:00 0 
7fbc84000000-7fbc84021000 rw-p 00000000 00:00 0 
7fbc84021000-7fbc88000000 ---p 00000000 00:00 0 
7fbc88060000-7fbc88063000 ---p 00000000 00:00 0 
7fbc88063000-7fbc88099000 rw-p 00000000 00:00 0 
7fbc88099000-7fbc880ba000 r-xp 00000000 08:02 55578991                   /lib/x86_64-linux-gnu/liblzma.so.5.0.0
7fbc880ba000-7fbc882b9000 ---p 00021000 08:02 55578991                   /lib/x86_64-linux-gnu/liblzma.so.5.0.0
7fbc882b9000-7fbc882ba000 r--p 00020000 08:02 55578991                   /lib/x86_64-linux-gnu/liblzma.so.5.0.0
7fbc882ba000-7fbc882bb000 rw-p 00021000 08:02 55578991                   /lib/x86_64-linux-gnu/liblzma.so.5.0.0
7fbc882bb000-7fbc882da000 r-xp 00000000 08:02 55579082                   /lib/x86_64-linux-gnu/libselinux.so.1
7fbc882da000-7fbc884d9000 ---p 0001f000 08:02 55579082                   /lib/x86_64-linux-gnu/libselinux.so.1
7fbc884d9000-7fbc884da000 r--p 0001e000 08:02 55579082                   /lib/x86_64-linux-gnu/libselinux.so.1
7fbc884da000-7fbc884db000 rw-p 0001f000 08:02 55579082                   /lib/x86_64-linux-gnu/libselinux.so.1
7fbc884db000-7fbc884dd000 rw-p 00000000 00:00 0 
7fbc884dd000-7fbc884e2000 r-xp 00000000 08:02 34610947                   /usr/lib/x86_64-linux-gnu/libasyncns.so.0.3.1
7fbc884e2000-7fbc886e1000 ---p 00005000 08:02 34610947                   /usr/lib/x86_64-linux-gnu/libasyncns.so.0.3.1
7fbc886e1000-7fbc886e2000 r--p 00004000 08:02 34610947                   /usr/lib/x86_64-linux-gnu/libasyncns.so.0.3.1
7fbc886e2000-7fbc886e3000 rw-p 00005000 08:02 34610947                   /usr/lib/x86_64-linux-gnu/libasyncns.so.0.3.1
7fbc886e3000-7fbc88745000 r-xp 00000000 08:02 34603895                   /usr/lib/x86_64-linux-gnu/libsndfile.so.1.0.25
7fbc88745000-7fbc88945000 ---p 00062000 08:02 34603895                   /usr/lib/x86_64-linux-gnu/libsndfile.so.1.0.25
7fbc88945000-7fbc88947000 r--p 00062000 08:02 34603895                   /usr/lib/x86_64-linux-gnu/libsndfile.so.1.0.25
7fbc88947000-7fbc88948000 rw-p 00064000 08:02 34603895                   /usr/lib/x86_64-linux-gnu/libsndfile.so.1.0.25
7fbc88948000-7fbc8894c000 rw-p 00000000 00:00 0 
7fbc8894c000-7fbc88954000 r-xp 00000000 08:02 55579110                   /lib/x86_64-linux-gnu/libwrap.so.0.7.6
7fbc88954000-7fbc88b53000 ---p 00008000 08:02 55579110                   /lib/x86_64-linux-gnu/libwrap.so.0.7.6
7fbc88b53000-7fbc88b54000 r--p 00007000 08:02 55579110                   /lib/x86_64-linux-gnu/libwrap.so.0.7.6
7fbc88b54000-7fbc88b55000 rw-p 00008000 08:02 55579110                   /lib/x86_64-linux-gnu/libwrap.so.0.7.6
7fbc88b55000-7fbc88b56000 rw-p 00000000 00:00 0 
7fbc88b56000-7fbc88bd6000 r-xp 00000000 08:02 55574856                   /lib/x86_64-linux-gnu/libsystemd.so.0.14.0
7fbc88bd6000-7fbc88bd9000 r--p 0007f000 08:02 55574856                   /lib/x86_64-linux-gnu/libsystemd.so.0.14.0
7fbc88bd9000-7fbc88bda000 rw-p 00082000 08:02 55574856                   /lib/x86_64-linux-gnu/libsystemd.so.0.14.0
7fbc88bda000-7fbc88bdb000 rw-p 00000000 00:00 0 
7fbc88bdb000-7fbc88c25000 r-xp 00000000 08:02 55574736                   /lib/x86_64-linux-gnu/libdbus-1.so.3.14.6
7fbc88c25000-7fbc88e25000 ---p 0004a000 08:02 55574736                   /lib/x86_64-linux-gnu/libdbus-1.so.3.14.6
7fbc88e25000-7fbc88e26000 r--p 0004a000 08:02 55574736                   /lib/x86_64-linux-gnu/libdbus-1.so.3.14.6
7fbc88e26000-7fbc88e27000 rw-p 0004b000 08:02 55574736                   /lib/x86_64-linux-gnu/libdbus-1.so.3.14.6
7fbc88e27000-7fbc88ea0000 r-xp 00000000 08:02 34866822                   /usr/lib/x86_64-linux-gnu/pulseaudio/libpulsecommon-8.0.so
7fbc88ea0000-7fbc8909f000 ---p 00079000 08:02 34866822                   /usr/lib/x86_64-linux-gnu/pulseaudio/libpulsecommon-8.0.so
7fbc8909f000-7fbc890a0000 r--p 00078000 08:02 34866822                   /usr/lib/x86_64-linux-gnu/pulseaudio/libpulsecommon-8.0.so
7fbc890a0000-7fbc890a1000 rw-p 00079000 08:02 34866822                   /usr/lib/x86_64-linux-gnu/pulseaudio/libpulsecommon-8.0.so
7fbc890a1000-7fbc890ab000 r-xp 00000000 08:02 55578983                   /lib/x86_64-linux-gnu/libjson-c.so.2.0.0
7fbc890ab000-7fbc892aa000 ---p 0000a000 08:02 55578983                   /lib/x86_64-linux-gnu/libjson-c.so.2.0.0
7fbc892aa000-7fbc892ab000 r--p 00009000 08:02 55578983                   /lib/x86_64-linux-gnu/libjson-c.so.2.0.0
7fbc892ab000-7fbc892ac000 rw-p 0000a000 08:02 55578983                   /lib/x86_64-linux-gnu/libjson-c.so.2.0.0
7fbc892ac000-7fbc892fa000 r-xp 00000000 08:02 34605574                   /usr/lib/x86_64-linux-gnu/libpulse.so.0.19.0
7fbc892fa000-7fbc894f9000 ---p 0004e000 08:02 34605574                   /usr/lib/x86_64-linux-gnu/libpulse.so.0.19.0
7fbc894f9000-7fbc894fa000 r--p 0004d000 08:02 34605574                   /usr/lib/x86_64-linux-gnu/libpulse.so.0.19.0
7fbc894fa000-7fbc894fb000 rw-p 0004e000 08:02 34605574                   /usr/lib/x86_64-linux-gnu/libpulse.so.0.19.0
7fbc894fb000-7fbc89550000 r-xp 00000000 08:02 8266767                    /tmp/libgdxjavier/31ce78a2/libopenal64.so
7fbc89550000-7fbc8974f000 ---p 00055000 08:02 8266767                    /tmp/libgdxjavier/31ce78a2/libopenal64.so
7fbc8974f000-7fbc89752000 r--p 00054000 08:02 8266767                    /tmp/libgdxjavier/31ce78a2/libopenal64.so
7fbc89752000-7fbc89753000 rw-p 00057000 08:02 8266767                    /tmp/libgdxjavier/31ce78a2/libopenal64.so
7fbc89753000-7fbc89754000 rw-p 00000000 00:00 0 
7fbc89754000-7fbc89759000 r-xp 00000000 08:02 34610894                   /usr/lib/x86_64-linux-gnu/libXxf86vm.so.1.0.0
7fbc89759000-7fbc89958000 ---p 00005000 08:02 34610894                   /usr/lib/x86_64-linux-gnu/libXxf86vm.so.1.0.0
7fbc89958000-7fbc89959000 r--p 00004000 08:02 34610894                   /usr/lib/x86_64-linux-gnu/libXxf86vm.so.1.0.0
7fbc89959000-7fbc8995a000 rw-p 00005000 08:02 34610894                   /usr/lib/x86_64-linux-gnu/libXxf86vm.so.1.0.0
7fbc8995a000-7fbc89964000 r-xp 00000000 08:02 34610876                   /usr/lib/x86_64-linux-gnu/libXrandr.so.2.2.0
7fbc89964000-7fbc89b63000 ---p 0000a000 08:02 34610876                   /usr/lib/x86_64-linux-gnu/libXrandr.so.2.2.0
7fbc89b63000-7fbc89b64000 r--p 00009000 08:02 34610876                   /usr/lib/x86_64-linux-gnu/libXrandr.so.2.2.0
7fbc89b64000-7fbc89b65000 rw-p 0000a000 08:02 34610876                   /usr/lib/x86_64-linux-gnu/libXrandr.so.2.2.0
7fbc89b65000-7fbc89bd5000 r-xp 00000000 08:02 8266766                    /tmp/libgdxjavier/31ce78a2/liblwjgl64.so
7fbc89bd5000-7fbc89dd5000 ---p 00070000 08:02 8266766                    /tmp/libgdxjavier/31ce78a2/liblwjgl64.so
7fbc89dd5000-7fbc89dd7000 r--p 00070000 08:02 8266766                    /tmp/libgdxjavier/31ce78a2/liblwjgl64.so
7fbc89dd7000-7fbc89dd8000 rw-p 00072000 08:02 8266766                    /tmp/libgdxjavier/31ce78a2/liblwjgl64.so
7fbc89dd8000-7fbc89dd9000 r-xp 00000000 08:02 34736163                   /usr/lib/jvm/java-8-openjdk-amd64/jre/lib/amd64/libjawt.so
7fbc89dd9000-7fbc89fd8000 ---p 00001000 08:02 34736163                   /usr/lib/jvm/java-8-openjdk-amd64/jre/lib/amd64/libjawt.so
7fbc89fd8000-7fbc89fd9000 r--p 00000000 08:02 34736163                   /usr/lib/jvm/java-8-openjdk-amd64/jre/lib/amd64/libjawt.so
7fbc89fd9000-7fbc89fda000 rw-p 00001000 08:02 34736163                   /usr/lib/jvm/java-8-openjdk-amd64/jre/lib/amd64/libjawt.so
7fbc89fda000-7fbc89fdd000 ---p 00000000 00:00 0 
7fbc89fdd000-7fbc8a0db000 rw-p 00000000 00:00 0 
7fbc8a0db000-7fbc8a0e0000 r-xp 00000000 08:02 34610860                   /usr/lib/x86_64-linux-gnu/libXfixes.so.3.1.0
7fbc8a0e0000-7fbc8a2df000 ---p 00005000 08:02 34610860                   /usr/lib/x86_64-linux-gnu/libXfixes.so.3.1.0
7fbc8a2df000-7fbc8a2e0000 r--p 00004000 08:02 34610860                   /usr/lib/x86_64-linux-gnu/libXfixes.so.3.1.0
7fbc8a2e0000-7fbc8a2e1000 rw-p 00005000 08:02 34610860                   /usr/lib/x86_64-linux-gnu/libXfixes.so.3.1.0
7fbc8a2e1000-7fbc8a2ea000 r-xp 00000000 08:02 34610442                   /usr/lib/x86_64-linux-gnu/libXcursor.so.1.0.2
7fbc8a2ea000-7fbc8a4e9000 ---p 00009000 08:02 34610442                   /usr/lib/x86_64-linux-gnu/libXcursor.so.1.0.2
7fbc8a4e9000-7fbc8a4ea000 r--p 00008000 08:02 34610442                   /usr/lib/x86_64-linux-gnu/libXcursor.so.1.0.2
7fbc8a4ea000-7fbc8a4eb000 rw-p 00009000 08:02 34610442                   /usr/lib/x86_64-linux-gnu/libXcursor.so.1.0.2
7fbc8a4eb000-7fbc8a50f000 r-xp 00000000 08:02 55579065                   /lib/x86_64-linux-gnu/libpng12.so.0.54.0
7fbc8a50f000-7fbc8a70e000 ---p 00024000 08:02 55579065                   /lib/x86_64-linux-gnu/libpng12.so.0.54.0
7fbc8a70e000-7fbc8a70f000 r--p 00023000 08:02 55579065                   /lib/x86_64-linux-gnu/libpng12.so.0.54.0
7fbc8a70f000-7fbc8a710000 rw-p 00024000 08:02 55579065                   /lib/x86_64-linux-gnu/libpng12.so.0.54.0
7fbc8a710000-7fbc8a7b4000 r-xp 00000000 08:02 34606711                   /usr/lib/x86_64-linux-gnu/libfreetype.so.6.12.1
7fbc8a7b4000-7fbc8a9b3000 ---p 000a4000 08:02 34606711                   /usr/lib/x86_64-linux-gnu/libfreetype.so.6.12.1
7fbc8a9b3000-7fbc8a9b9000 r--p 000a3000 08:02 34606711                   /usr/lib/x86_64-linux-gnu/libfreetype.so.6.12.1
7fbc8a9b9000-7fbc8a9ba000 rw-p 000a9000 08:02 34606711                   /usr/lib/x86_64-linux-gnu/libfreetype.so.6.12.1
7fbc8a9ba000-7fbc8aa0c000 r-xp 00000000 08:02 34736175                   /usr/lib/jvm/java-8-openjdk-amd64/jre/lib/amd64/libfontmanager.so
7fbc8aa0c000-7fbc8ac0c000 ---p 00052000 08:02 34736175                   /usr/lib/jvm/java-8-openjdk-amd64/jre/lib/amd64/libfontmanager.so
7fbc8ac0c000-7fbc8ac0e000 r--p 00052000 08:02 34736175                   /usr/lib/jvm/java-8-openjdk-amd64/jre/lib/amd64/libfontmanager.so
7fbc8ac0e000-7fbc8ac0f000 rw-p 00054000 08:02 34736175                   /usr/lib/jvm/java-8-openjdk-amd64/jre/lib/amd64/libfontmanager.so
7fbc8ac0f000-7fbc8ac14000 r-xp 00000000 08:02 34610856                   /usr/lib/x86_64-linux-gnu/libXdmcp.so.6.0.0
7fbc8ac14000-7fbc8ae13000 ---p 00005000 08:02 34610856                   /usr/lib/x86_64-linux-gnu/libXdmcp.so.6.0.0
7fbc8ae13000-7fbc8ae14000 r--p 00004000 08:02 34610856                   /usr/lib/x86_64-linux-gnu/libXdmcp.so.6.0.0
7fbc8ae14000-7fbc8ae15000 rw-p 00005000 08:02 34610856                   /usr/lib/x86_64-linux-gnu/libXdmcp.so.6.0.0
7fbc8ae15000-7fbc8ae17000 r-xp 00000000 08:02 34610845                   /usr/lib/x86_64-linux-gnu/libXau.so.6.0.0
7fbc8ae17000-7fbc8b017000 ---p 00002000 08:02 34610845                   /usr/lib/x86_64-linux-gnu/libXau.so.6.0.0
7fbc8b017000-7fbc8b018000 r--p 00002000 08:02 34610845                   /usr/lib/x86_64-linux-gnu/libXau.so.6.0.0
7fbc8b018000-7fbc8b019000 rw-p 00003000 08:02 34610845                   /usr/lib/x86_64-linux-gnu/libXau.so.6.0.0
7fbc8b019000-7fbc8b03a000 r-xp 00000000 08:02 34612223                   /usr/lib/x86_64-linux-gnu/libxcb.so.1.1.0
7fbc8b03a000-7fbc8b239000 ---p 00021000 08:02 34612223                   /usr/lib/x86_64-linux-gnu/libxcb.so.1.1.0
7fbc8b239000-7fbc8b23a000 r--p 00020000 08:02 34612223                   /usr/lib/x86_64-linux-gnu/libxcb.so.1.1.0
7fbc8b23a000-7fbc8b23b000 rw-p 00021000 08:02 34612223                   /usr/lib/x86_64-linux-gnu/libxcb.so.1.1.0
7fbc8b23b000-7fbc8b24a000 r-xp 00000000 08:02 34610866                   /usr/lib/x86_64-linux-gnu/libXi.so.6.1.0
7fbc8b24a000-7fbc8b449000 ---p 0000f000 08:02 34610866                   /usr/lib/x86_64-linux-gnu/libXi.so.6.1.0
7fbc8b449000-7fbc8b44a000 r--p 0000e000 08:02 34610866                   /usr/lib/x86_64-linux-gnu/libXi.so.6.1.0
7fbc8b44a000-7fbc8b44b000 rw-p 0000f000 08:02 34610866                   /usr/lib/x86_64-linux-gnu/libXi.so.6.1.0
7fbc8b44b000-7fbc8b450000 r-xp 00000000 08:02 34610884                   /usr/lib/x86_64-linux-gnu/libXtst.so.6.1.0
7fbc8b450000-7fbc8b64f000 ---p 00005000 08:02 34610884                   /usr/lib/x86_64-linux-gnu/libXtst.so.6.1.0
7fbc8b64f000-7fbc8b650000 r--p 00004000 08:02 34610884                   /usr/lib/x86_64-linux-gnu/libXtst.so.6.1.0
7fbc8b650000-7fbc8b651000 rw-p 00005000 08:02 34610884                   /usr/lib/x86_64-linux-gnu/libXtst.so.6.1.0
7fbc8b651000-7fbc8b65a000 r-xp 00000000 08:02 34610878                   /usr/lib/x86_64-linux-gnu/libXrender.so.1.3.0
7fbc8b65a000-7fbc8b859000 ---p 00009000 08:02 34610878                   /usr/lib/x86_64-linux-gnu/libXrender.so.1.3.0
7fbc8b859000-7fbc8b85a000 r--p 00008000 08:02 34610878                   /usr/lib/x86_64-linux-gnu/libXrender.so.1.3.0
7fbc8b85a000-7fbc8b85b000 rw-p 00009000 08:02 34610878                   /usr/lib/x86_64-linux-gnu/libXrender.so.1.3.0
7fbc8b85b000-7fbc8b990000 r-xp 00000000 08:02 34610841                   /usr/lib/x86_64-linux-gnu/libX11.so.6.3.0
7fbc8b990000-7fbc8bb90000 ---p 00135000 08:02 34610841                   /usr/lib/x86_64-linux-gnu/libX11.so.6.3.0
7fbc8bb90000-7fbc8bb91000 r--p 00135000 08:02 34610841                   /usr/lib/x86_64-linux-gnu/libX11.so.6.3.0
7fbc8bb91000-7fbc8bb95000 rw-p 00136000 08:02 34610841                   /usr/lib/x86_64-linux-gnu/libX11.so.6.3.0
7fbc8bb95000-7fbc8bba6000 r-xp 00000000 08:02 34610858                   /usr/lib/x86_64-linux-gnu/libXext.so.6.4.0
7fbc8bba6000-7fbc8bda5000 ---p 00011000 08:02 34610858                   /usr/lib/x86_64-linux-gnu/libXext.so.6.4.0
7fbc8bda5000-7fbc8bda6000 r--p 00010000 08:02 34610858                   /usr/lib/x86_64-linux-gnu/libXext.so.6.4.0
7fbc8bda6000-7fbc8bda7000 rw-p 00011000 08:02 34610858                   /usr/lib/x86_64-linux-gnu/libXext.so.6.4.0
7fbc8bda7000-7fbc8bdfb000 r-xp 00000000 08:02 34736176                   /usr/lib/jvm/java-8-openjdk-amd64/jre/lib/amd64/libawt_xawt.so
7fbc8bdfb000-7fbc8bffb000 ---p 00054000 08:02 34736176                   /usr/lib/jvm/java-8-openjdk-amd64/jre/lib/amd64/libawt_xawt.so
7fbc8bffb000-7fbc8bffc000 r--p 00054000 08:02 34736176                   /usr/lib/jvm/java-8-openjdk-amd64/jre/lib/amd64/libawt_xawt.so
7fbc8bffc000-7fbc8bfff000 rw-p 00055000 08:02 34736176                   /usr/lib/jvm/java-8-openjdk-amd64/jre/lib/amd64/libawt_xawt.so
7fbc8bfff000-7fbc8c000000 rw-p 00000000 00:00 0 
7fbc8c000000-7fbc8c021000 rw-p 00000000 00:00 0 
7fbc8c021000-7fbc90000000 ---p 00000000 00:00 0 
7fbc90000000-7fbc90021000 rw-p 00000000 00:00 0 
7fbc90021000-7fbc94000000 ---p 00000000 00:00 0 
7fbc94000000-7fbc95059000 rw-p 00000000 00:00 0 
7fbc95059000-7fbc98000000 ---p 00000000 00:00 0 
7fbc98000000-7fbc98493000 rw-p 00000000 00:00 0 
7fbc98493000-7fbc9c000000 ---p 00000000 00:00 0 
7fbc9c000000-7fbc9c021000 rw-p 00000000 00:00 0 
7fbc9c021000-7fbca0000000 ---p 00000000 00:00 0 
7fbca0000000-7fbca1cc3000 rw-p 00000000 00:00 0 
7fbca1cc3000-7fbca4000000 ---p 00000000 00:00 0 
7fbca4000000-7fbca4021000 rw-p 00000000 00:00 0 
7fbca4021000-7fbca8000000 ---p 00000000 00:00 0 
7fbca8000000-7fbca8021000 rw-p 00000000 00:00 0 
7fbca8021000-7fbcac000000 ---p 00000000 00:00 0 
7fbcac000000-7fbcac021000 rw-p 00000000 00:00 0 
7fbcac021000-7fbcb0000000 ---p 00000000 00:00 0 
7fbcb0000000-7fbcb0021000 rw-p 00000000 00:00 0 
7fbcb0021000-7fbcb4000000 ---p 00000000 00:00 0 
7fbcb4000000-7fbcb4021000 rw-p 00000000 00:00 0 
7fbcb4021000-7fbcb8000000 ---p 00000000 00:00 0 
7fbcb8000000-7fbcb8021000 rw-p 00000000 00:00 0 
7fbcb8021000-7fbcbc000000 ---p 00000000 00:00 0 
7fbcbc000000-7fbcbc021000 rw-p 00000000 00:00 0 
7fbcbc021000-7fbcc0000000 ---p 00000000 00:00 0 
7fbcc0001000-7fbcc0014000 rw-s 1e3d11000 00:06 440                       /dev/nvidiactl
7fbcc0014000-7fbcc0015000 rw-s 1e3d10000 00:06 440                       /dev/nvidiactl
7fbcc0015000-7fbcc0019000 rw-s 228154000 00:06 440                       /dev/nvidiactl
7fbcc0019000-7fbcc001a000 rw-s cfee3000 00:06 441                        /dev/nvidia0
7fbcc001b000-7fbcc001c000 rw-s 1ee75b000 00:06 440                       /dev/nvidiactl
7fbcc001c000-7fbcc001d000 rw-s de060000 00:06 441                        /dev/nvidia0
7fbcc001d000-7fbcc0024000 r--s 00000000 08:02 34867895                   /usr/lib/x86_64-linux-gnu/gconv/gconv-modules.cache
7fbcc0024000-7fbcc0027000 ---p 00000000 00:00 0 
7fbcc0027000-7fbcc0125000 rw-p 00000000 00:00 0 
7fbcc0125000-7fbcc0138000 r--s 00346000 08:02 34736226                   /usr/lib/jvm/java-8-openjdk-amd64/jre/lib/resources.jar
7fbcc0138000-7fbcc01d8000 r-xp 00000000 08:02 34736190                   /usr/lib/jvm/java-8-openjdk-amd64/jre/lib/amd64/libawt.so
7fbcc01d8000-7fbcc03d8000 ---p 000a0000 08:02 34736190                   /usr/lib/jvm/java-8-openjdk-amd64/jre/lib/amd64/libawt.so
7fbcc03d8000-7fbcc03d9000 r--p 000a0000 08:02 34736190                   /usr/lib/jvm/java-8-openjdk-amd64/jre/lib/amd64/libawt.so
7fbcc03d9000-7fbcc03e4000 rw-p 000a1000 08:02 34736190                   /usr/lib/jvm/java-8-openjdk-amd64/jre/lib/amd64/libawt.so
7fbcc03e4000-7fbcc0409000 rw-p 00000000 00:00 0 
7fbcc0409000-7fbcc040e000 r--s 0009a000 08:02 34736227                   /usr/lib/jvm/java-8-openjdk-amd64/jre/lib/jsse.jar
7fbcc040e000-7fbcc0446000 r-xp 00000000 08:02 8266764                    /tmp/libgdxjavier/6ef2d459/libgdx64.so
7fbcc0446000-7fbcc0645000 ---p 00038000 08:02 8266764                    /tmp/libgdxjavier/6ef2d459/libgdx64.so
7fbcc0645000-7fbcc0646000 r--p 00037000 08:02 8266764                    /tmp/libgdxjavier/6ef2d459/libgdx64.so
7fbcc0646000-7fbcc0647000 rw-p 00038000 08:02 8266764                    /tmp/libgdxjavier/6ef2d459/libgdx64.so
7fbcc0647000-7fbcc0648000 r--s 00002000 08:02 7607782                    /home/javier/.gradle/caches/modules-2/files-2.1/net.java.jinput/jinput-platform/2.0.5/53f9c919f34d2ca9de8c51fc4e1e8282029a9232/jinput-platform-2.0.5-natives-osx.jar
7fbcc0648000-7fbcc0649000 r--s 00025000 08:02 7607781                    /home/javier/.gradle/caches/modules-2/files-2.1/net.java.jinput/jinput-platform/2.0.5/385ee093e01f587f30ee1c8a2ee7d408fd732e16/jinput-platform-2.0.5-natives-windows.jar
7fbcc0649000-7fbcc064a000 r--s 00002000 08:02 7607780                    /home/javier/.gradle/caches/modules-2/files-2.1/net.java.jinput/jinput-platform/2.0.5/7ff832a6eb9ab6a767f1ade2b548092d0fa64795/jinput-platform-2.0.5-natives-linux.jar
7fbcc064a000-7fbcc064b000 r--s 00001000 08:02 7607779                    /home/javier/.gradle/caches/modules-2/files-2.1/net.java.jutils/jutils/1.0.0/e12fe1fda814bd348c1579329c86943d2cd3c6a6/jutils-1.0.0.jar
7fbcc064b000-7fbcc064f000 r--s 0002f000 08:02 7607778                    /home/javier/.gradle/caches/modules-2/files-2.1/net.java.jinput/jinput/2.0.5/39c7796b469a600f72380316f6b1f11db6c2c7c4/jinput-2.0.5.jar
7fbcc064f000-7fbcc0650000 r--s 00068000 08:02 7607777                    /home/javier/.gradle/caches/modules-2/files-2.1/org.lwjgl.lwjgl/lwjgl-platform/2.9.2/d55b46b40b40249d627a83a7f7f22649709d70c3/lwjgl-platform-2.9.2-natives-osx.jar
7fbcc0650000-7fbcc0651000 r--s 0008d000 08:02 7607776                    /home/javier/.gradle/caches/modules-2/files-2.1/org.lwjgl.lwjgl/lwjgl-platform/2.9.2/d276cdf61fe2b516c7b7f4aa1b8dea91dbdc8d56/lwjgl-platform-2.9.2-natives-linux.jar
7fbcc0651000-7fbcc0652000 r--s 00095000 08:02 7607775                    /home/javier/.gradle/caches/modules-2/files-2.1/org.lwjgl.lwjgl/lwjgl-platform/2.9.2/510c7d317f5e9e700b9cfaac5fd38bdebf0702e0/lwjgl-platform-2.9.2-natives-windows.jar
7fbcc0652000-7fbcc0654000 r--s 00017000 08:02 7607774                    /home/javier/.gradle/caches/modules-2/files-2.1/org.jcraft/jorbis/0.0.17/8872d22b293e8f5d7d56ff92be966e6dc28ebdc6/jorbis-0.0.17.jar
7fbcc0654000-7fbcc0655000 r--s 00015000 08:02 7607773                    /home/javier/.gradle/caches/modules-2/files-2.1/com.badlogicgames.jlayer/jlayer/1.0.1-gdx/7cca83cec5c1b2f011362f4d85aabd71a73b049d/jlayer-1.0.1-gdx.jar
7fbcc0655000-7fbcc0659000 r--s 00027000 08:02 7607772                    /home/javier/.gradle/caches/modules-2/files-2.1/org.lwjgl.lwjgl/lwjgl_util/2.9.2/4b9e37300a87799856e0bd15ed81663cdb6b0947/lwjgl_util-2.9.2.jar
7fbcc0659000-7fbcc0667000 r--s 000f2000 08:02 7607771                    /home/javier/.gradle/caches/modules-2/files-2.1/org.lwjgl.lwjgl/lwjgl/2.9.2/a9d80fe5935c7a9149f6584d9777cfd471f65489/lwjgl-2.9.2.jar
7fbcc0667000-7fbcc0669000 r--s 0000e000 08:02 7608599                    /home/javier/.gradle/caches/modules-2/files-2.1/org.json/json/20171018/36ced462c97f0845b4a7b266a25cebe95d18baa3/json-20171018.jar
7fbcc0669000-7fbcc0684000 r--s 001b3000 08:02 7607749                    /home/javier/.gradle/caches/modules-2/files-2.1/com.badlogicgames.gdx/gdx/1.9.5/dc65bb2f51828c58b1b2b3ac585357204d54ee5f/gdx-1.9.5.jar
7fbcc0684000-7fbcc069f000 r--s 001d6000 08:02 34736148                   /usr/lib/jvm/java-8-openjdk-amd64/jre/lib/ext/nashorn.jar
7fbcc069f000-7fbcc06a0000 ---p 00000000 00:00 0 
7fbcc06a0000-7fbcc07a0000 rw-p 00000000 00:00 0 
7fbcc07a0000-7fbcc07a3000 ---p 00000000 00:00 0 
7fbcc07a3000-7fbcc08a1000 rw-p 00000000 00:00 0 
7fbcc08a1000-7fbcc08a4000 ---p 00000000 00:00 0 
7fbcc08a4000-7fbcc09a2000 rw-p 00000000 00:00 0 
7fbcc09a2000-7fbcc09a5000 ---p 00000000 00:00 0 
7fbcc09a5000-7fbcc0aa3000 rw-p 00000000 00:00 0 
7fbcc0aa3000-7fbcc0aa6000 ---p 00000000 00:00 0 
7fbcc0aa6000-7fbcc0ba4000 rw-p 00000000 00:00 0 
7fbcc0ba4000-7fbcc0ba7000 ---p 00000000 00:00 0 
7fbcc0ba7000-7fbcc0ca5000 rw-p 00000000 00:00 0 
7fbcc0ca5000-7fbcc10ae000 r--p 00000000 08:02 34606700                   /usr/lib/locale/locale-archive
7fbcc10ae000-7fbcc10b1000 ---p 00000000 00:00 0 
7fbcc10b1000-7fbcc11af000 rw-p 00000000 00:00 0 
7fbcc11af000-7fbcc11b2000 ---p 00000000 00:00 0 
7fbcc11b2000-7fbcc5000000 rw-p 00000000 00:00 0 
7fbcc5000000-7fbcc5720000 rwxp 00000000 00:00 0 
7fbcc5720000-7fbcd4000000 ---p 00000000 00:00 0 
7fbcd4000000-7fbcd43c3000 rw-p 00000000 00:00 0 
7fbcd43c3000-7fbcd8000000 ---p 00000000 00:00 0 
7fbcd8000000-7fbcd8003000 r--s 00021000 08:02 7607768                    /home/javier/.gradle/caches/modules-2/files-2.1/com.badlogicgames.gdx/gdx-backend-lwjgl/1.9.5/ad5223b755809a92f44e7f6208f4af6a3b39dcc0/gdx-backend-lwjgl-1.9.5.jar
7fbcd8003000-7fbcd801e000 r--s 00394000 08:02 34736146                   /usr/lib/jvm/java-8-openjdk-amd64/jre/lib/ext/cldrdata.jar
7fbcd801e000-7fbcd801f000 ---p 00000000 00:00 0 
7fbcd801f000-7fbcd9100000 rw-p 00000000 00:00 0 
7fbcd9100000-7fbcd92cf000 r--s 03c21000 08:02 34736142                   /usr/lib/jvm/java-8-openjdk-amd64/jre/lib/rt.jar
7fbcd92cf000-7fbcd9f1a000 rw-p 00000000 00:00 0 
7fbcd9f1a000-7fbcd9f1b000 ---p 00000000 00:00 0 
7fbcd9f1b000-7fbcda01b000 rw-p 00000000 00:00 0 
7fbcda01b000-7fbcda01c000 ---p 00000000 00:00 0 
7fbcda01c000-7fbcda11c000 rw-p 00000000 00:00 0 
7fbcda11c000-7fbcda11d000 ---p 00000000 00:00 0 
7fbcda11d000-7fbcda21d000 rw-p 00000000 00:00 0 
7fbcda21d000-7fbcda21e000 ---p 00000000 00:00 0 
7fbcda21e000-7fbcda348000 rw-p 00000000 00:00 0 
7fbcda348000-7fbcda5ac000 ---p 00000000 00:00 0 
7fbcda5ac000-7fbcda5d6000 rw-p 00000000 00:00 0 
7fbcda5d6000-7fbcda83a000 ---p 00000000 00:00 0 
7fbcda83a000-7fbcda84a000 rw-p 00000000 00:00 0 
7fbcda84a000-7fbcda981000 ---p 00000000 00:00 0 
7fbcda981000-7fbcda99f000 rw-p 00000000 00:00 0 
7fbcda99f000-7fbcdad42000 ---p 00000000 00:00 0 
7fbcdad42000-7fbcdad4a000 r-xp 00000000 08:02 34736191                   /usr/lib/jvm/java-8-openjdk-amd64/jre/lib/amd64/libzip.so
7fbcdad4a000-7fbcdaf49000 ---p 00008000 08:02 34736191                   /usr/lib/jvm/java-8-openjdk-amd64/jre/lib/amd64/libzip.so
7fbcdaf49000-7fbcdaf4a000 r--p 00007000 08:02 34736191                   /usr/lib/jvm/java-8-openjdk-amd64/jre/lib/amd64/libzip.so
7fbcdaf4a000-7fbcdaf4b000 rw-p 00008000 08:02 34736191                   /usr/lib/jvm/java-8-openjdk-amd64/jre/lib/amd64/libzip.so
7fbcdaf4b000-7fbcdaf56000 r-xp 00000000 08:02 55574620                   /lib/x86_64-linux-gnu/libnss_files-2.23.so
7fbcdaf56000-7fbcdb155000 ---p 0000b000 08:02 55574620                   /lib/x86_64-linux-gnu/libnss_files-2.23.so
7fbcdb155000-7fbcdb156000 r--p 0000a000 08:02 55574620                   /lib/x86_64-linux-gnu/libnss_files-2.23.so
7fbcdb156000-7fbcdb157000 rw-p 0000b000 08:02 55574620                   /lib/x86_64-linux-gnu/libnss_files-2.23.so
7fbcdb157000-7fbcdb15d000 rw-p 00000000 00:00 0 
7fbcdb15d000-7fbcdb168000 r-xp 00000000 08:02 55574697                   /lib/x86_64-linux-gnu/libnss_nis-2.23.so
7fbcdb168000-7fbcdb367000 ---p 0000b000 08:02 55574697                   /lib/x86_64-linux-gnu/libnss_nis-2.23.so
7fbcdb367000-7fbcdb368000 r--p 0000a000 08:02 55574697                   /lib/x86_64-linux-gnu/libnss_nis-2.23.so
7fbcdb368000-7fbcdb369000 rw-p 0000b000 08:02 55574697                   /lib/x86_64-linux-gnu/libnss_nis-2.23.so
7fbcdb369000-7fbcdb37f000 r-xp 00000000 08:02 55574611                   /lib/x86_64-linux-gnu/libnsl-2.23.so
7fbcdb37f000-7fbcdb57e000 ---p 00016000 08:02 55574611                   /lib/x86_64-linux-gnu/libnsl-2.23.so
7fbcdb57e000-7fbcdb57f000 r--p 00015000 08:02 55574611                   /lib/x86_64-linux-gnu/libnsl-2.23.so
7fbcdb57f000-7fbcdb580000 rw-p 00016000 08:02 55574611                   /lib/x86_64-linux-gnu/libnsl-2.23.so
7fbcdb580000-7fbcdb582000 rw-p 00000000 00:00 0 
7fbcdb582000-7fbcdb58a000 r-xp 00000000 08:02 55574710                   /lib/x86_64-linux-gnu/libnss_compat-2.23.so
7fbcdb58a000-7fbcdb789000 ---p 00008000 08:02 55574710                   /lib/x86_64-linux-gnu/libnss_compat-2.23.so
7fbcdb789000-7fbcdb78a000 r--p 00007000 08:02 55574710                   /lib/x86_64-linux-gnu/libnss_compat-2.23.so
7fbcdb78a000-7fbcdb78b000 rw-p 00008000 08:02 55574710                   /lib/x86_64-linux-gnu/libnss_compat-2.23.so
7fbcdb78b000-7fbcdb7b8000 r-xp 00000000 08:02 34736174                   /usr/lib/jvm/java-8-openjdk-amd64/jre/lib/amd64/libjava.so
7fbcdb7b8000-7fbcdb9b7000 ---p 0002d000 08:02 34736174                   /usr/lib/jvm/java-8-openjdk-amd64/jre/lib/amd64/libjava.so
7fbcdb9b7000-7fbcdb9b8000 r--p 0002c000 08:02 34736174                   /usr/lib/jvm/java-8-openjdk-amd64/jre/lib/amd64/libjava.so
7fbcdb9b8000-7fbcdb9ba000 rw-p 0002d000 08:02 34736174                   /usr/lib/jvm/java-8-openjdk-amd64/jre/lib/amd64/libjava.so
7fbcdb9ba000-7fbcdb9c9000 r-xp 00000000 08:02 34736189                   /usr/lib/jvm/java-8-openjdk-amd64/jre/lib/amd64/libverify.so
7fbcdb9c9000-7fbcdbbc8000 ---p 0000f000 08:02 34736189                   /usr/lib/jvm/java-8-openjdk-amd64/jre/lib/amd64/libverify.so
7fbcdbbc8000-7fbcdbbca000 r--p 0000e000 08:02 34736189                   /usr/lib/jvm/java-8-openjdk-amd64/jre/lib/amd64/libverify.so
7fbcdbbca000-7fbcdbbcb000 rw-p 00010000 08:02 34736189                   /usr/lib/jvm/java-8-openjdk-amd64/jre/lib/amd64/libverify.so
7fbcdbbcb000-7fbcdbbd2000 r-xp 00000000 08:02 55574703                   /lib/x86_64-linux-gnu/librt-2.23.so
7fbcdbbd2000-7fbcdbdd1000 ---p 00007000 08:02 55574703                   /lib/x86_64-linux-gnu/librt-2.23.so
7fbcdbdd1000-7fbcdbdd2000 r--p 00006000 08:02 55574703                   /lib/x86_64-linux-gnu/librt-2.23.so
7fbcdbdd2000-7fbcdbdd3000 rw-p 00007000 08:02 55574703                   /lib/x86_64-linux-gnu/librt-2.23.so
7fbcdbdd3000-7fbcdbde9000 r-xp 00000000 08:02 55578962                   /lib/x86_64-linux-gnu/libgcc_s.so.1
7fbcdbde9000-7fbcdbfe8000 ---p 00016000 08:02 55578962                   /lib/x86_64-linux-gnu/libgcc_s.so.1
7fbcdbfe8000-7fbcdbfe9000 rw-p 00015000 08:02 55578962                   /lib/x86_64-linux-gnu/libgcc_s.so.1
7fbcdbfe9000-7fbcdc0f1000 r-xp 00000000 08:02 55574718                   /lib/x86_64-linux-gnu/libm-2.23.so
7fbcdc0f1000-7fbcdc2f0000 ---p 00108000 08:02 55574718                   /lib/x86_64-linux-gnu/libm-2.23.so
7fbcdc2f0000-7fbcdc2f1000 r--p 00107000 08:02 55574718                   /lib/x86_64-linux-gnu/libm-2.23.so
7fbcdc2f1000-7fbcdc2f2000 rw-p 00108000 08:02 55574718                   /lib/x86_64-linux-gnu/libm-2.23.so
7fbcdc2f2000-7fbcdc464000 r-xp 00000000 08:02 34605054                   /usr/lib/x86_64-linux-gnu/libstdc++.so.6.0.21
7fbcdc464000-7fbcdc664000 ---p 00172000 08:02 34605054                   /usr/lib/x86_64-linux-gnu/libstdc++.so.6.0.21
7fbcdc664000-7fbcdc66e000 r--p 00172000 08:02 34605054                   /usr/lib/x86_64-linux-gnu/libstdc++.so.6.0.21
7fbcdc66e000-7fbcdc670000 rw-p 0017c000 08:02 34605054                   /usr/lib/x86_64-linux-gnu/libstdc++.so.6.0.21
7fbcdc670000-7fbcdc674000 rw-p 00000000 00:00 0 
7fbcdc674000-7fbcdd2c6000 r-xp 00000000 08:02 34736184                   /usr/lib/jvm/java-8-openjdk-amd64/jre/lib/amd64/server/libjvm.so
7fbcdd2c6000-7fbcdd4c6000 ---p 00c52000 08:02 34736184                   /usr/lib/jvm/java-8-openjdk-amd64/jre/lib/amd64/server/libjvm.so
7fbcdd4c6000-7fbcdd559000 r--p 00c52000 08:02 34736184                   /usr/lib/jvm/java-8-openjdk-amd64/jre/lib/amd64/server/libjvm.so
7fbcdd559000-7fbcdd582000 rw-p 00ce5000 08:02 34736184                   /usr/lib/jvm/java-8-openjdk-amd64/jre/lib/amd64/server/libjvm.so
7fbcdd582000-7fbcdd5b2000 rw-p 00000000 00:00 0 
7fbcdd5b2000-7fbcdd5ca000 r-xp 00000000 08:02 55574628                   /lib/x86_64-linux-gnu/libpthread-2.23.so
7fbcdd5ca000-7fbcdd7c9000 ---p 00018000 08:02 55574628                   /lib/x86_64-linux-gnu/libpthread-2.23.so
7fbcdd7c9000-7fbcdd7ca000 r--p 00017000 08:02 55574628                   /lib/x86_64-linux-gnu/libpthread-2.23.so
7fbcdd7ca000-7fbcdd7cb000 rw-p 00018000 08:02 55574628                   /lib/x86_64-linux-gnu/libpthread-2.23.so
7fbcdd7cb000-7fbcdd7cf000 rw-p 00000000 00:00 0 
7fbcdd7cf000-7fbcdd7d2000 r-xp 00000000 08:02 55574708                   /lib/x86_64-linux-gnu/libdl-2.23.so
7fbcdd7d2000-7fbcdd9d1000 ---p 00003000 08:02 55574708                   /lib/x86_64-linux-gnu/libdl-2.23.so
7fbcdd9d1000-7fbcdd9d2000 r--p 00002000 08:02 55574708                   /lib/x86_64-linux-gnu/libdl-2.23.so
7fbcdd9d2000-7fbcdd9d3000 rw-p 00003000 08:02 55574708                   /lib/x86_64-linux-gnu/libdl-2.23.so
7fbcdd9d3000-7fbcdd9ec000 r-xp 00000000 08:02 55579115                   /lib/x86_64-linux-gnu/libz.so.1.2.8
7fbcdd9ec000-7fbcddbeb000 ---p 00019000 08:02 55579115                   /lib/x86_64-linux-gnu/libz.so.1.2.8
7fbcddbeb000-7fbcddbec000 r--p 00018000 08:02 55579115                   /lib/x86_64-linux-gnu/libz.so.1.2.8
7fbcddbec000-7fbcddbed000 rw-p 00019000 08:02 55579115                   /lib/x86_64-linux-gnu/libz.so.1.2.8
7fbcddbed000-7fbcdddad000 r-xp 00000000 08:02 55574731                   /lib/x86_64-linux-gnu/libc-2.23.so
7fbcdddad000-7fbcddfad000 ---p 001c0000 08:02 55574731                   /lib/x86_64-linux-gnu/libc-2.23.so
7fbcddfad000-7fbcddfb1000 r--p 001c0000 08:02 55574731                   /lib/x86_64-linux-gnu/libc-2.23.so
7fbcddfb1000-7fbcddfb3000 rw-p 001c4000 08:02 55574731                   /lib/x86_64-linux-gnu/libc-2.23.so
7fbcddfb3000-7fbcddfb7000 rw-p 00000000 00:00 0 
7fbcddfb7000-7fbcddfc4000 r-xp 00000000 08:02 34736187                   /usr/lib/jvm/java-8-openjdk-amd64/jre/lib/amd64/jli/libjli.so
7fbcddfc4000-7fbcde1c4000 ---p 0000d000 08:02 34736187                   /usr/lib/jvm/java-8-openjdk-amd64/jre/lib/amd64/jli/libjli.so
7fbcde1c4000-7fbcde1c5000 r--p 0000d000 08:02 34736187                   /usr/lib/jvm/java-8-openjdk-amd64/jre/lib/amd64/jli/libjli.so
7fbcde1c5000-7fbcde1c6000 rw-p 0000e000 08:02 34736187                   /usr/lib/jvm/java-8-openjdk-amd64/jre/lib/amd64/jli/libjli.so
7fbcde1c6000-7fbcde1ec000 r-xp 00000000 08:02 55574613                   /lib/x86_64-linux-gnu/ld-2.23.so
7fbcde1ec000-7fbcde1ee000 r--s 000cf000 08:02 7607769                    /home/javier/.gradle/caches/modules-2/files-2.1/com.badlogicgames.gdx/gdx-platform/1.9.5/bc0c7ee7fca96eb3c691b5a87cf11fd4d9f1bab6/gdx-platform-1.9.5-natives-desktop.jar
7fbcde1ee000-7fbcde1f1000 r--s 00011000 08:02 26484111                   /home/javier/NetBeansProjects/Atarion/core/build/libs/core-1.0.jar
7fbcde1f1000-7fbcde1f4000 r--s 0000f000 08:02 34736145                   /usr/lib/jvm/java-8-openjdk-amd64/jre/lib/ext/icedtea-sound.jar
7fbcde1f4000-7fbcde2bf000 rw-p 00000000 00:00 0 
7fbcde2bf000-7fbcde2c2000 ---p 00000000 00:00 0 
7fbcde2c2000-7fbcde3c5000 rw-p 00000000 00:00 0 
7fbcde3c5000-7fbcde3c7000 r--s 00001000 08:02 34736154                   /usr/lib/jvm/java-8-openjdk-amd64/jre/lib/ext/dnsns.jar
7fbcde3c7000-7fbcde3c8000 r--s 0000a000 08:02 34736153                   /usr/lib/jvm/java-8-openjdk-amd64/jre/lib/ext/jaccess.jar
7fbcde3c8000-7fbcde3cc000 r--s 00037000 08:02 34736152                   /usr/lib/jvm/java-8-openjdk-amd64/jre/lib/ext/sunpkcs11.jar
7fbcde3cc000-7fbcde3d2000 r--s 0003a000 08:02 34736149                   /usr/lib/jvm/java-8-openjdk-amd64/jre/lib/ext/sunjce_provider.jar
7fbcde3d2000-7fbcde3d4000 r--s 00008000 08:02 34736150                   /usr/lib/jvm/java-8-openjdk-amd64/jre/lib/ext/sunec.jar
7fbcde3d4000-7fbcde3de000 r--s 00116000 08:02 34736151                   /usr/lib/jvm/java-8-openjdk-amd64/jre/lib/ext/localedata.jar
7fbcde3de000-7fbcde3df000 r--s 00010000 08:02 34736147                   /usr/lib/jvm/java-8-openjdk-amd64/jre/lib/ext/zipfs.jar
7fbcde3df000-7fbcde3e7000 rw-s 00000000 08:02 7608601                    /tmp/hsperfdata_javier/18830
7fbcde3e7000-7fbcde3e8000 rw-p 00000000 00:00 0 
7fbcde3e8000-7fbcde3e9000 r--p 00000000 00:00 0 
7fbcde3e9000-7fbcde3eb000 rw-p 00000000 00:00 0 
7fbcde3eb000-7fbcde3ec000 r--p 00025000 08:02 55574613                   /lib/x86_64-linux-gnu/ld-2.23.so
7fbcde3ec000-7fbcde3ed000 rw-p 00026000 08:02 55574613                   /lib/x86_64-linux-gnu/ld-2.23.so
7fbcde3ed000-7fbcde3ee000 rw-p 00000000 00:00 0 
7fff5e90d000-7fff5e92f000 rw-p 00000000 00:00 0                          [stack]
7fff5e9d0000-7fff5e9d2000 r--p 00000000 00:00 0                          [vvar]
7fff5e9d2000-7fff5e9d4000 r-xp 00000000 00:00 0                          [vdso]
ffffffffff600000-ffffffffff601000 r-xp 00000000 00:00 0                  [vsyscall]

VM Arguments:
jvm_args: -Dfile.encoding=UTF-8 -Duser.country=US -Duser.language=en -Duser.variant 
java_command: com.atarion.game.desktop.ClientLauncher
java_class_path (initial): /home/javier/NetBeansProjects/Atarion/desktop/build/classes/main:/home/javier/NetBeansProjects/Atarion/desktop/build/resources/main:/home/javier/NetBeansProjects/Atarion/core/build/libs/core-1.0.jar:/home/javier/.gradle/caches/modules-2/files-2.1/com.badlogicgames.gdx/gdx-backend-lwjgl/1.9.5/ad5223b755809a92f44e7f6208f4af6a3b39dcc0/gdx-backend-lwjgl-1.9.5.jar:/home/javier/.gradle/caches/modules-2/files-2.1/com.badlogicgames.gdx/gdx-platform/1.9.5/bc0c7ee7fca96eb3c691b5a87cf11fd4d9f1bab6/gdx-platform-1.9.5-natives-desktop.jar:/home/javier/.gradle/caches/modules-2/files-2.1/com.badlogicgames.gdx/gdx/1.9.5/dc65bb2f51828c58b1b2b3ac585357204d54ee5f/gdx-1.9.5.jar:/home/javier/.gradle/caches/modules-2/files-2.1/org.json/json/20171018/36ced462c97f0845b4a7b266a25cebe95d18baa3/json-20171018.jar:/home/javier/.gradle/caches/modules-2/files-2.1/org.lwjgl.lwjgl/lwjgl/2.9.2/a9d80fe5935c7a9149f6584d9777cfd471f65489/lwjgl-2.9.2.jar:/home/javier/.gradle/caches/modules-2/files-2.1/org.lwjgl.lwjgl/lwjgl_util/2.9.2/4b9e37300a87799856e0bd15ed81663cdb6b0947/lwjgl_util-2.9.2.jar:/home/javier/.gradle/caches/modules-2/files-2.1/com.badlogicgames.jlayer/jlayer/1.0.1-gdx/7cca83cec5c1b2f011362f4d85aabd71a73b049d/jlayer-1.0.1-gdx.jar:/home/javier/.gradle/caches/modules-2/files-2.1/org.jcraft/jorbis/0.0.17/8872d22b293e8f5d7d56ff92be966e6dc28ebdc6/jorbis-0.0.17.jar:/home/javier/.gradle/caches/modules-2/files-2.1/org.lwjgl.lwjgl/lwjgl-platform/2.9.2/510c7d317f5e9e700b9cfaac5fd38bdebf0702e0/lwjgl-platform-2.9.2-natives-windows.jar:/home/javier/.gradle/caches/modules-2/files-2.1/org.lwjgl.lwjgl/lwjgl-platform/2.9.2/d276cdf61fe2b516c7b7f4aa1b8dea91dbdc8d56/lwjgl-platform-2.9.2-natives-linux.jar:/home/javier/.gradle/caches/modules-2/files-2.1/org.lwjgl.lwjgl/lwjgl-platform/2.9.2/d55b46b40b40249d627a83a7f7f22649709d70c3/lwjgl-platform-2.9.2-natives-osx.jar:/home/javier/.gradle/caches/modules-2/files-2.1/net.java.jinput/jinput/2.0.5/39c7796b469a600f72380316f6b1f11db6c2c7c4/ji
Launcher Type: SUN_STANDARD

Environment Variables:
PATH=/home/javier/bin:/home/javier/.local/bin:/usr/local/sbin:/usr/local/bin:/usr/sbin:/usr/bin:/sbin:/bin:/usr/games:/usr/local/games:/snap/bin
LD_LIBRARY_PATH=/usr/lib/jvm/java-8-openjdk-amd64/bin/../jre/lib/amd64:/usr/lib/jvm/java-8-openjdk-amd64/bin/../jre/lib/i386:
SHELL=/bin/bash
DISPLAY=:0

Signal Handlers:
SIGSEGV: [libjvm.so+0xa69040], sa_mask[0]=11111111011111111101111111111110, sa_flags=SA_RESTART|SA_SIGINFO
SIGBUS: [libjvm.so+0xa69040], sa_mask[0]=11111111011111111101111111111110, sa_flags=SA_RESTART|SA_SIGINFO
SIGFPE: [libjvm.so+0x8b2170], sa_mask[0]=11111111011111111101111111111110, sa_flags=SA_RESTART|SA_SIGINFO
SIGPIPE: [libjvm.so+0x8b2170], sa_mask[0]=11111111011111111101111111111110, sa_flags=SA_RESTART|SA_SIGINFO
SIGXFSZ: [libjvm.so+0x8b2170], sa_mask[0]=11111111011111111101111111111110, sa_flags=SA_RESTART|SA_SIGINFO
SIGILL: [libjvm.so+0x8b2170], sa_mask[0]=11111111011111111101111111111110, sa_flags=SA_RESTART|SA_SIGINFO
SIGUSR1: SIG_DFL, sa_mask[0]=00000000000000000000000000000000, sa_flags=none
SIGUSR2: [libjvm.so+0x8b2020], sa_mask[0]=00100000000000000000000000000000, sa_flags=SA_RESTART|SA_SIGINFO
SIGHUP: [libjvm.so+0x8b24f0], sa_mask[0]=11111111011111111101111111111110, sa_flags=SA_RESTART|SA_SIGINFO
SIGINT: SIG_IGN, sa_mask[0]=00000000000000000000000000000000, sa_flags=none
SIGTERM: [libjvm.so+0x8b24f0], sa_mask[0]=11111111011111111101111111111110, sa_flags=SA_RESTART|SA_SIGINFO
SIGQUIT: [libjvm.so+0x8b24f0], sa_mask[0]=11111111011111111101111111111110, sa_flags=SA_RESTART|SA_SIGINFO


---------------  S Y S T E M  ---------------

OS: